<?xml version="1.0" encoding="utf-8"?><testsuites name="pytest tests"><testsuite name="pytest" errors="0" failures="0" skipped="0" tests="4" time="34.320" timestamp="2026-07-01T06:57:16.624866+00:00" hostname="agent-env-e37ee5ef-3a9f-4af9-ab79-40f52d6e2dd6"><testcase classname="backend.tests.test_checkin_widget_flow" name="test_admin_attendance_flow" time="31.587" /><testcase classname="backend.tests.test_checkin_widget_flow" name="test_hr_attendance_flow" time="1.258" /><testcase classname="backend.tests.test_checkin_widget_flow" name="test_manager_attendance_flow" time="1.190" /><testcase classname="backend.tests.test_checkin_widget_flow" name="test_admin_left_checked_out" time="0.222" /></testsuite></testsuites>