<?xml version="1.0" encoding="utf-8"?><testsuites name="pytest tests"><testsuite name="pytest" errors="0" failures="0" skipped="0" tests="7" time="98.389" timestamp="2026-07-31T13:39:23.268627+00:00" hostname="agent-env-e37ee5ef-3a9f-4af9-ab79-40f52d6e2dd6"><testcase classname="backend.tests.test_forgot_password_flow.TestForgotPassword" name="test_unknown_email_returns_200_no_enum" time="0.232" /><testcase classname="backend.tests.test_forgot_password_flow.TestForgotPassword" name="test_valid_email_returns_masked_hint_and_generates_otp" time="1.118" /><testcase classname="backend.tests.test_forgot_password_flow.TestForgotPassword" name="test_cooldown_within_45s" time="0.049" /><testcase classname="backend.tests.test_forgot_password_flow.TestVerifyAndReset" name="test_wrong_otp_three_times_invalidates" time="47.268" /><testcase classname="backend.tests.test_forgot_password_flow.TestVerifyAndReset" name="test_correct_otp_mints_reset_token" time="47.170" /><testcase classname="backend.tests.test_forgot_password_flow.TestVerifyAndReset" name="test_reset_password_and_reuse_rejected" time="0.316" /><testcase classname="backend.tests.test_forgot_password_flow.TestVerifyAndReset" name="test_login_with_new_password_and_old_fails" time="2.153" /></testsuite></testsuites>