<?xml version="1.0" encoding="utf-8"?><testsuites name="pytest tests"><testsuite name="pytest" errors="0" failures="0" skipped="0" tests="62" time="28.036" timestamp="2026-07-11T12:36:05.939615+00:00" hostname="agent-env-e37ee5ef-3a9f-4af9-ab79-40f52d6e2dd6"><testcase classname="backend.tests.test_iter11_face_kiosk.TestKioskToken" name="test_rotate_super_admin" time="0.542" /><testcase classname="backend.tests.test_iter11_face_kiosk.TestKioskToken" name="test_rotate_hr_forbidden" time="0.418" /><testcase classname="backend.tests.test_iter11_face_kiosk.TestKioskToken" name="test_rotate_manager_forbidden" time="0.411" /><testcase classname="backend.tests.test_iter11_face_kiosk.TestKioskToken" name="test_rotate_employee_forbidden" time="0.421" /><testcase classname="backend.tests.test_iter11_face_kiosk.TestKioskToken" name="test_get_token_super_admin" time="0.086" /><testcase classname="backend.tests.test_iter11_face_kiosk.TestKioskToken" name="test_get_token_hr_forbidden" time="0.098" /><testcase classname="backend.tests.test_iter11_face_kiosk.TestKioskSession" name="test_missing_token" time="0.102" /><testcase classname="backend.tests.test_iter11_face_kiosk.TestKioskSession" name="test_invalid_token" time="0.094" /><testcase classname="backend.tests.test_iter11_face_kiosk.TestKioskSession" name="test_valid_token" time="0.193" /><testcase classname="backend.tests.test_iter11_face_kiosk.TestKioskSession" name="test_disabled_kiosk_returns_401" time="0.369" /><testcase classname="backend.tests.test_iter11_face_kiosk.TestCompanyShiftPatch" name="test_patch_valid_shift_fields" time="0.091" /><testcase classname="backend.tests.test_iter11_face_kiosk.TestCompanyShiftPatch" name="test_patch_invalid_shift_format" time="0.090" /><testcase classname="backend.tests.test_iter11_face_kiosk.TestCompanyShiftPatch" name="test_patch_grace_out_of_range" time="0.187" /><testcase classname="backend.tests.test_iter11_face_kiosk.TestEmployeeShiftPatch" name="test_employee_override" time="0.288" /><testcase classname="backend.tests.test_iter11_face_kiosk.TestEmployeeShiftPatch" name="test_partial_patch_no_wipe" time="0.193" /><testcase classname="backend.tests.test_iter11_face_kiosk.TestFaceEnroll" name="test_hr_can_enroll" time="0.093" /><testcase classname="backend.tests.test_iter11_face_kiosk.TestFaceEnroll" name="test_manager_cannot_enroll" time="0.089" /><testcase classname="backend.tests.test_iter11_face_kiosk.TestFaceEnroll" name="test_employee_cannot_enroll" time="0.090" /><testcase classname="backend.tests.test_iter11_face_kiosk.TestFaceEnroll" name="test_get_enrollment_status" time="0.095" /><testcase classname="backend.tests.test_iter11_face_kiosk.TestFaceEnroll" name="test_enroll_with_photos" time="0.099" /><testcase classname="backend.tests.test_iter11_face_kiosk.TestFaceEnroll" name="test_enroll_too_few_samples" time="0.104" /><testcase classname="backend.tests.test_iter11_face_kiosk.TestFaceEnroll" name="test_enroll_wrong_embedding_length" time="0.106" /><testcase classname="backend.tests.test_iter11_face_kiosk.TestFaceEnroll" name="test_enroll_nan_infinity" time="0.088" /><testcase classname="backend.tests.test_iter11_face_kiosk.TestKioskMatch" name="test_match_no_enrolled" time="0.285" /><testcase classname="backend.tests.test_iter11_face_kiosk.TestKioskMatch" name="test_match_exact" time="0.196" /><testcase classname="backend.tests.test_iter11_face_kiosk.TestKioskMatch" name="test_liveness_fail" time="0.100" /><testcase classname="backend.tests.test_iter11_face_kiosk.TestKioskMatch" name="test_spoof_detected" time="0.095" /><testcase classname="backend.tests.test_iter11_face_kiosk.TestKioskMatch" name="test_match_invalid_token" time="0.119" /><testcase classname="backend.tests.test_iter11_face_kiosk.TestKioskCheckInOut" name="test_check_in_and_out" time="0.962" /><testcase classname="backend.tests.test_iter11_face_kiosk.TestKioskCheckInOut" name="test_checkout_without_checkin_next_day_logic" time="0.695" /><testcase classname="backend.tests.test_iter11_face_kiosk.TestWebCheckinUsesShift" name="test_late_flag_reflects_company_shift" time="0.392" /><testcase classname="backend.tests.test_iter11_face_kiosk.TestFaceDelete" name="test_delete_face" time="0.202" /><testcase classname="backend.tests.test_iter11_face_kiosk" name="test_zzz_restore_state" time="0.382" /><testcase classname="backend.tests.test_iter9_role_gating_and_reset" name="test_whatsapp_read_super_admin_200[GET-/api/whatsapp/config]" time="1.388" /><testcase classname="backend.tests.test_iter9_role_gating_and_reset" name="test_whatsapp_read_super_admin_200[GET-/api/whatsapp/outbox]" time="0.100" /><testcase classname="backend.tests.test_iter9_role_gating_and_reset" name="test_whatsapp_read_super_admin_200[GET-/api/whatsapp/templates]" time="0.090" /><testcase classname="backend.tests.test_iter9_role_gating_and_reset" name="test_whatsapp_read_non_super_admin_403[hr-GET-/api/whatsapp/config]" time="0.093" /><testcase classname="backend.tests.test_iter9_role_gating_and_reset" name="test_whatsapp_read_non_super_admin_403[hr-GET-/api/whatsapp/outbox]" time="0.188" /><testcase classname="backend.tests.test_iter9_role_gating_and_reset" name="test_whatsapp_read_non_super_admin_403[hr-GET-/api/whatsapp/templates]" time="0.096" /><testcase classname="backend.tests.test_iter9_role_gating_and_reset" name="test_whatsapp_read_non_super_admin_403[manager-GET-/api/whatsapp/config]" time="0.089" /><testcase classname="backend.tests.test_iter9_role_gating_and_reset" name="test_whatsapp_read_non_super_admin_403[manager-GET-/api/whatsapp/outbox]" time="0.105" /><testcase classname="backend.tests.test_iter9_role_gating_and_reset" name="test_whatsapp_read_non_super_admin_403[manager-GET-/api/whatsapp/templates]" time="0.093" /><testcase classname="backend.tests.test_iter9_role_gating_and_reset" name="test_whatsapp_read_non_super_admin_403[employee-GET-/api/whatsapp/config]" time="0.088" /><testcase classname="backend.tests.test_iter9_role_gating_and_reset" name="test_whatsapp_read_non_super_admin_403[employee-GET-/api/whatsapp/outbox]" time="0.113" /><testcase classname="backend.tests.test_iter9_role_gating_and_reset" name="test_whatsapp_read_non_super_admin_403[employee-GET-/api/whatsapp/templates]" time="0.090" /><testcase classname="backend.tests.test_iter9_role_gating_and_reset" name="test_whatsapp_put_config_non_super_admin_403" time="0.276" /><testcase classname="backend.tests.test_iter9_role_gating_and_reset" name="test_whatsapp_test_send_non_super_admin_403" time="0.281" /><testcase classname="backend.tests.test_iter9_role_gating_and_reset" name="test_reset_password_authz_non_super_admin_403" time="0.383" /><testcase classname="backend.tests.test_iter9_role_gating_and_reset" name="test_reset_password_validation_too_short" time="0.110" /><testcase classname="backend.tests.test_iter9_role_gating_and_reset" name="test_reset_password_validation_missing_field" time="0.100" /><testcase classname="backend.tests.test_iter9_role_gating_and_reset" name="test_reset_password_not_found" time="0.093" /><testcase classname="backend.tests.test_iter9_role_gating_and_reset" name="test_reset_password_happy_path_and_login" time="0.828" /><testcase classname="backend.tests.test_iter9_role_gating_and_reset" name="test_reset_password_notify_true_still_200" time="0.478" /><testcase classname="backend.tests.test_iter9_role_gating_and_reset" name="test_zzz_restore_maya_password" time="0.632" /><testcase classname="backend.tests.test_whatsapp_meeting_time.TestSetup" name="test_ensure_ist_and_phone" time="0.925" /><testcase classname="backend.tests.test_whatsapp_meeting_time.TestNaiveInputIST" name="test_naive_ist_4pm_to_430pm" time="2.741" /><testcase classname="backend.tests.test_whatsapp_meeting_time.TestUTCOffsetInput" name="test_utc_offset_input_converts_to_ist" time="2.726" /><testcase classname="backend.tests.test_whatsapp_meeting_time.TestTimezoneOverrideUTC" name="test_utc_tz_override_keeps_wall_clock" time="2.845" /><testcase classname="backend.tests.test_whatsapp_meeting_time.TestMissingEndsAt" name="test_missing_ends_at_no_crash" time="2.227" /><testcase classname="backend.tests.test_whatsapp_meeting_time.TestGarbageTimestamp" name="test_garbage_starts_at_no_crash" time="2.787" /><testcase classname="backend.tests.test_whatsapp_meeting_time.TestLeadingZeroFormatting" name="test_leading_zero_midnight_noon" time="0.000" /><testcase classname="backend.tests.test_whatsapp_meeting_time.TestRestoreFinal" name="test_restore_ist" time="0.198" /></testsuite></testsuites>