<?xml version="1.0" encoding="utf-8"?><testsuites name="pytest tests"><testsuite name="pytest" errors="0" failures="0" skipped="0" tests="42" time="10.121" timestamp="2026-07-11T13:06:50.315823+00:00" hostname="agent-env-e37ee5ef-3a9f-4af9-ab79-40f52d6e2dd6"><testcase classname="tests.test_iter11_face_kiosk.TestKioskToken" name="test_rotate_super_admin" time="0.545" /><testcase classname="tests.test_iter11_face_kiosk.TestKioskToken" name="test_rotate_hr_forbidden" time="0.415" /><testcase classname="tests.test_iter11_face_kiosk.TestKioskToken" name="test_rotate_manager_forbidden" time="0.400" /><testcase classname="tests.test_iter11_face_kiosk.TestKioskToken" name="test_rotate_employee_forbidden" time="0.405" /><testcase classname="tests.test_iter11_face_kiosk.TestKioskToken" name="test_get_token_super_admin" time="0.098" /><testcase classname="tests.test_iter11_face_kiosk.TestKioskToken" name="test_get_token_hr_forbidden" time="0.095" /><testcase classname="tests.test_iter11_face_kiosk.TestKioskSession" name="test_missing_token" time="0.086" /><testcase classname="tests.test_iter11_face_kiosk.TestKioskSession" name="test_invalid_token" time="0.105" /><testcase classname="tests.test_iter11_face_kiosk.TestKioskSession" name="test_valid_token" time="0.194" /><testcase classname="tests.test_iter11_face_kiosk.TestKioskSession" name="test_disabled_kiosk_returns_401" time="0.376" /><testcase classname="tests.test_iter11_face_kiosk.TestCompanyShiftPatch" name="test_patch_valid_shift_fields" time="0.096" /><testcase classname="tests.test_iter11_face_kiosk.TestCompanyShiftPatch" name="test_patch_invalid_shift_format" time="0.098" /><testcase classname="tests.test_iter11_face_kiosk.TestCompanyShiftPatch" name="test_patch_grace_out_of_range" time="0.187" /><testcase classname="tests.test_iter11_face_kiosk.TestEmployeeShiftPatch" name="test_employee_override" time="0.283" /><testcase classname="tests.test_iter11_face_kiosk.TestEmployeeShiftPatch" name="test_partial_patch_no_wipe" time="0.190" /><testcase classname="tests.test_iter11_face_kiosk.TestFaceEnroll" name="test_hr_can_enroll" time="0.109" /><testcase classname="tests.test_iter11_face_kiosk.TestFaceEnroll" name="test_manager_cannot_enroll" time="0.097" /><testcase classname="tests.test_iter11_face_kiosk.TestFaceEnroll" name="test_employee_cannot_enroll" time="0.095" /><testcase classname="tests.test_iter11_face_kiosk.TestFaceEnroll" name="test_get_enrollment_status" time="0.098" /><testcase classname="tests.test_iter11_face_kiosk.TestFaceEnroll" name="test_enroll_with_photos" time="0.095" /><testcase classname="tests.test_iter11_face_kiosk.TestFaceEnroll" name="test_enroll_too_few_samples" time="0.098" /><testcase classname="tests.test_iter11_face_kiosk.TestFaceEnroll" name="test_enroll_wrong_embedding_length" time="0.106" /><testcase classname="tests.test_iter11_face_kiosk.TestFaceEnroll" name="test_enroll_nan_infinity" time="0.122" /><testcase classname="tests.test_iter11_face_kiosk.TestKioskMatch" name="test_match_no_enrolled" time="0.276" /><testcase classname="tests.test_iter11_face_kiosk.TestKioskMatch" name="test_match_exact" time="0.218" /><testcase classname="tests.test_iter11_face_kiosk.TestKioskMatch" name="test_liveness_fail" time="0.094" /><testcase classname="tests.test_iter11_face_kiosk.TestKioskMatch" name="test_spoof_detected" time="0.094" /><testcase classname="tests.test_iter11_face_kiosk.TestKioskMatch" name="test_match_invalid_token" time="0.118" /><testcase classname="tests.test_iter11_face_kiosk.TestKioskCheckInOut" name="test_check_in_and_out" time="0.946" /><testcase classname="tests.test_iter11_face_kiosk.TestKioskCheckInOut" name="test_checkout_without_checkin_next_day_logic" time="0.693" /><testcase classname="tests.test_iter11_face_kiosk.TestWebCheckinUsesShift" name="test_late_flag_reflects_company_shift" time="0.379" /><testcase classname="tests.test_iter11_face_kiosk.TestFaceDelete" name="test_delete_face" time="0.194" /><testcase classname="tests.test_iter11_face_kiosk" name="test_zzz_restore_state" time="0.367" /><testcase classname="tests.test_iter12_shift_override_and_defaults.TestShiftOverridePatch" name="test_both_values_persisted" time="0.601" /><testcase classname="tests.test_iter12_shift_override_and_defaults.TestShiftOverridePatch" name="test_only_shift_start_partial_no_wipe_grace" time="0.202" /><testcase classname="tests.test_iter12_shift_override_and_defaults.TestShiftOverridePatch" name="test_only_grace_partial_no_wipe_shift" time="0.192" /><testcase classname="tests.test_iter12_shift_override_and_defaults.TestShiftOverridePatch" name="test_empty_payload_strips_both_no_change" time="0.318" /><testcase classname="tests.test_iter12_shift_override_and_defaults.TestShiftOverridePatch" name="test_invalid_shift_format_422" time="0.091" /><testcase classname="tests.test_iter12_shift_override_and_defaults.TestShiftOverridePatch" name="test_grace_out_of_range_422" time="0.091" /><testcase classname="tests.test_iter12_shift_override_and_defaults.TestWhatsAppDefaults" name="test_default_checkin_checkout_true_for_fresh_tenant" time="0.090" /><testcase classname="tests.test_iter12_shift_override_and_defaults.TestWhatsAppDefaults" name="test_default_module_constants_verify_via_upsert_wipe" time="0.401" /><testcase classname="tests.test_iter12_shift_override_and_defaults" name="test_zzz_restore" time="0.283" /></testsuite></testsuites>