<?xml version="1.0" encoding="utf-8"?><testsuites name="pytest tests"><testsuite name="pytest" errors="0" failures="1" skipped="0" tests="21" time="13.148" timestamp="2026-08-27T12:56:47.875507+00:00" hostname="agent-env-e37ee5ef-3a9f-4af9-ab79-40f52d6e2dd6"><testcase classname="backend.tests.test_iter23_team_scope_self" name="test_manager_sees_own_leave_in_team_scope" time="2.054" /><testcase classname="backend.tests.test_iter23_team_scope_self" name="test_manager_sees_own_wfh_in_team_scope" time="0.357" /><testcase classname="backend.tests.test_iter23_team_scope_self" name="test_manager_still_sees_direct_report_leave" time="2.284" /><testcase classname="backend.tests.test_iter23_team_scope_self" name="test_manager_still_sees_direct_report_wfh" time="1.204" /><testcase classname="backend.tests.test_iter23_team_scope_self" name="test_admin_scope_off_sees_tenant_leave[super_admin]" time="0.129" /><testcase classname="backend.tests.test_iter23_team_scope_self" name="test_admin_scope_off_sees_tenant_leave[hr]" time="0.177" /><testcase classname="backend.tests.test_iter23_team_scope_self" name="test_admin_scope_off_sees_tenant_wfh[super_admin]" time="0.150" /><testcase classname="backend.tests.test_iter23_team_scope_self" name="test_admin_scope_off_sees_tenant_wfh[hr]" time="0.155" /><testcase classname="backend.tests.test_iter23_team_scope_self" name="test_super_admin_team_scope_sees_own_leave" time="0.447" /><testcase classname="backend.tests.test_iter23_team_scope_self" name="test_hr_team_scope_sees_own_wfh" time="0.250" /><testcase classname="backend.tests.test_admin_apply" name="test_admin_role_can_apply_for_leave[super_admin]" time="1.930" /><testcase classname="backend.tests.test_admin_apply" name="test_admin_role_can_apply_for_leave[hr]" time="0.556" /><testcase classname="backend.tests.test_admin_apply" name="test_admin_role_can_apply_for_leave[manager]" time="0.455" /><testcase classname="backend.tests.test_admin_apply" name="test_admin_role_can_apply_for_wfh[super_admin]" time="0.323" /><testcase classname="backend.tests.test_admin_apply" name="test_admin_role_can_apply_for_wfh[hr]" time="0.263" /><testcase classname="backend.tests.test_admin_apply" name="test_admin_role_can_apply_for_wfh[manager]" time="0.288" /><testcase classname="backend.tests.test_admin_apply" name="test_employee_leave_apply_still_works" time="1.242" /><testcase classname="backend.tests.test_admin_apply" name="test_employee_wfh_apply_still_works" time="0.139"><failure message="AssertionError: employee wfh apply failed: 400 {&quot;detail&quot;:&quot;You already have a WFH request for that date&quot;}&#10;assert 400 == 200&#10; +  where 400 = &lt;Response [400]&gt;.status_code">backend/tests/test_admin_apply.py:118: in test_employee_wfh_apply_still_works
    assert r.status_code == 200, f"employee wfh apply failed: {r.status_code} {r.text}"
E   AssertionError: employee wfh apply failed: 400 {"detail":"You already have a WFH request for that date"}
E   assert 400 == 200
E    +  where 400 = &lt;Response [400]&gt;.status_code</failure></testcase><testcase classname="backend.tests.test_admin_apply" name="test_manager_can_list_pending_leave" time="0.148" /><testcase classname="backend.tests.test_admin_apply" name="test_manager_can_list_pending_wfh" time="0.175" /><testcase classname="backend.tests.test_admin_apply" name="test_admin_leave_exceeding_balance_returns_400" time="0.327" /></testsuite></testsuites>