<?xml version="1.0" encoding="utf-8"?><testsuites name="pytest tests"><testsuite name="pytest" errors="0" failures="0" skipped="0" tests="7" time="4.051" timestamp="2026-08-26T05:58:41.510850+00:00" hostname="agent-env-e37ee5ef-3a9f-4af9-ab79-40f52d6e2dd6"><testcase classname="backend.tests.test_iter20_expenses_privacy" name="test_manager_all_scoped_to_direct_reports_only" time="2.341" /><testcase classname="backend.tests.test_iter20_expenses_privacy" name="test_manager_all_equals_team_scope" time="0.220" /><testcase classname="backend.tests.test_iter20_expenses_privacy" name="test_manager_summary_matches_all_count" time="0.239" /><testcase classname="backend.tests.test_iter20_expenses_privacy" name="test_super_admin_all_shows_org_wide" time="0.369" /><testcase classname="backend.tests.test_iter20_expenses_privacy" name="test_super_admin_summary_org_wide" time="0.197" /><testcase classname="backend.tests.test_iter20_expenses_privacy" name="test_hr_sees_org_wide" time="0.136" /><testcase classname="backend.tests.test_iter20_expenses_privacy" name="test_hr_all_ignores_scope_team_or_returns_org_wide" time="0.488" /></testsuite></testsuites>