<?xml version="1.0" encoding="utf-8"?><testsuites name="pytest tests"><testsuite name="pytest" errors="0" failures="0" skipped="0" tests="15" time="6.556" timestamp="2026-08-26T06:02:36.490105+00:00" hostname="agent-env-e37ee5ef-3a9f-4af9-ab79-40f52d6e2dd6"><testcase classname="backend.tests.test_iter21_expenses_privacy_by_id" name="test_manager_get_direct_report_claim_ok" time="1.974" /><testcase classname="backend.tests.test_iter21_expenses_privacy_by_id" name="test_manager_get_non_report_claim_forbidden" time="0.203" /><testcase classname="backend.tests.test_iter21_expenses_privacy_by_id" name="test_manager_get_receipt_direct_report_ok" time="0.107" /><testcase classname="backend.tests.test_iter21_expenses_privacy_by_id" name="test_manager_get_receipt_non_report_forbidden" time="0.210" /><testcase classname="backend.tests.test_iter21_expenses_privacy_by_id" name="test_manager_approve_non_report_forbidden" time="0.196" /><testcase classname="backend.tests.test_iter21_expenses_privacy_by_id" name="test_manager_approve_direct_report_ok" time="0.203" /><testcase classname="backend.tests.test_iter21_expenses_privacy_by_id" name="test_manager_reject_non_report_forbidden" time="0.204" /><testcase classname="backend.tests.test_iter21_expenses_privacy_by_id" name="test_manager_reject_direct_report_ok" time="0.199" /><testcase classname="backend.tests.test_iter21_expenses_privacy_by_id" name="test_privileged_can_get_any_claim[admin]" time="0.415" /><testcase classname="backend.tests.test_iter21_expenses_privacy_by_id" name="test_privileged_can_get_any_claim[hr]" time="0.426" /><testcase classname="backend.tests.test_iter21_expenses_privacy_by_id" name="test_privileged_can_get_any_receipt[admin]" time="0.447" /><testcase classname="backend.tests.test_iter21_expenses_privacy_by_id" name="test_privileged_can_get_any_receipt[hr]" time="0.392" /><testcase classname="backend.tests.test_iter21_expenses_privacy_by_id" name="test_admin_can_approve_and_reject_non_report" time="0.672" /><testcase classname="backend.tests.test_iter21_expenses_privacy_by_id" name="test_hr_can_approve_non_authored_claim" time="0.316" /><testcase classname="backend.tests.test_iter21_expenses_privacy_by_id" name="test_manager_all_still_scoped" time="0.506" /></testsuite></testsuites>