<?xml version="1.0" encoding="utf-8"?><testsuites name="pytest tests"><testsuite name="pytest" errors="0" failures="0" skipped="0" tests="11" time="10.961" timestamp="2026-08-27T12:52:39.522769+00:00" hostname="agent-env-e37ee5ef-3a9f-4af9-ab79-40f52d6e2dd6"><testcase classname="backend.tests.test_admin_apply" name="test_admin_role_can_apply_for_leave[super_admin]" time="5.265" /><testcase classname="backend.tests.test_admin_apply" name="test_admin_role_can_apply_for_leave[hr]" time="0.607" /><testcase classname="backend.tests.test_admin_apply" name="test_admin_role_can_apply_for_leave[manager]" time="0.421" /><testcase classname="backend.tests.test_admin_apply" name="test_admin_role_can_apply_for_wfh[super_admin]" time="0.277" /><testcase classname="backend.tests.test_admin_apply" name="test_admin_role_can_apply_for_wfh[hr]" time="0.411" /><testcase classname="backend.tests.test_admin_apply" name="test_admin_role_can_apply_for_wfh[manager]" time="0.313" /><testcase classname="backend.tests.test_admin_apply" name="test_employee_leave_apply_still_works" time="1.871" /><testcase classname="backend.tests.test_admin_apply" name="test_employee_wfh_apply_still_works" time="1.080" /><testcase classname="backend.tests.test_admin_apply" name="test_manager_can_list_pending_leave" time="0.132" /><testcase classname="backend.tests.test_admin_apply" name="test_manager_can_list_pending_wfh" time="0.162" /><testcase classname="backend.tests.test_admin_apply" name="test_admin_leave_exceeding_balance_returns_400" time="0.359" /></testsuite></testsuites>