<?xml version="1.0" encoding="utf-8"?><testsuites name="pytest tests"><testsuite name="pytest" errors="0" failures="0" skipped="0" tests="21" time="6.117" timestamp="2026-07-01T08:12:26.009355+00:00" hostname="agent-env-e37ee5ef-3a9f-4af9-ab79-40f52d6e2dd6"><testcase classname="backend.tests.test_iter9_role_gating_and_reset" name="test_whatsapp_read_super_admin_200[GET-/api/whatsapp/config]" time="1.550" /><testcase classname="backend.tests.test_iter9_role_gating_and_reset" name="test_whatsapp_read_super_admin_200[GET-/api/whatsapp/outbox]" time="0.108" /><testcase classname="backend.tests.test_iter9_role_gating_and_reset" name="test_whatsapp_read_super_admin_200[GET-/api/whatsapp/templates]" time="0.104" /><testcase classname="backend.tests.test_iter9_role_gating_and_reset" name="test_whatsapp_read_non_super_admin_403[hr-GET-/api/whatsapp/config]" time="0.099" /><testcase classname="backend.tests.test_iter9_role_gating_and_reset" name="test_whatsapp_read_non_super_admin_403[hr-GET-/api/whatsapp/outbox]" time="0.099" /><testcase classname="backend.tests.test_iter9_role_gating_and_reset" name="test_whatsapp_read_non_super_admin_403[hr-GET-/api/whatsapp/templates]" time="0.097" /><testcase classname="backend.tests.test_iter9_role_gating_and_reset" name="test_whatsapp_read_non_super_admin_403[manager-GET-/api/whatsapp/config]" time="0.110" /><testcase classname="backend.tests.test_iter9_role_gating_and_reset" name="test_whatsapp_read_non_super_admin_403[manager-GET-/api/whatsapp/outbox]" time="0.114" /><testcase classname="backend.tests.test_iter9_role_gating_and_reset" name="test_whatsapp_read_non_super_admin_403[manager-GET-/api/whatsapp/templates]" time="0.126" /><testcase classname="backend.tests.test_iter9_role_gating_and_reset" name="test_whatsapp_read_non_super_admin_403[employee-GET-/api/whatsapp/config]" time="0.098" /><testcase classname="backend.tests.test_iter9_role_gating_and_reset" name="test_whatsapp_read_non_super_admin_403[employee-GET-/api/whatsapp/outbox]" time="0.098" /><testcase classname="backend.tests.test_iter9_role_gating_and_reset" name="test_whatsapp_read_non_super_admin_403[employee-GET-/api/whatsapp/templates]" time="0.098" /><testcase classname="backend.tests.test_iter9_role_gating_and_reset" name="test_whatsapp_put_config_non_super_admin_403" time="0.281" /><testcase classname="backend.tests.test_iter9_role_gating_and_reset" name="test_whatsapp_test_send_non_super_admin_403" time="0.300" /><testcase classname="backend.tests.test_iter9_role_gating_and_reset" name="test_reset_password_authz_non_super_admin_403" time="0.430" /><testcase classname="backend.tests.test_iter9_role_gating_and_reset" name="test_reset_password_validation_too_short" time="0.098" /><testcase classname="backend.tests.test_iter9_role_gating_and_reset" name="test_reset_password_validation_missing_field" time="0.102" /><testcase classname="backend.tests.test_iter9_role_gating_and_reset" name="test_reset_password_not_found" time="0.095" /><testcase classname="backend.tests.test_iter9_role_gating_and_reset" name="test_reset_password_happy_path_and_login" time="0.824" /><testcase classname="backend.tests.test_iter9_role_gating_and_reset" name="test_reset_password_notify_true_still_200" time="0.549" /><testcase classname="backend.tests.test_iter9_role_gating_and_reset" name="test_zzz_restore_maya_password" time="0.673" /></testsuite></testsuites>