<?xml version="1.0" encoding="utf-8"?><testsuites name="pytest tests"><testsuite name="pytest" errors="0" failures="0" skipped="0" tests="33" time="7.806" timestamp="2026-07-11T12:44:44.775718+00:00" hostname="agent-env-e37ee5ef-3a9f-4af9-ab79-40f52d6e2dd6"><testcase classname="backend.tests.test_iter11_face_kiosk.TestKioskToken" name="test_rotate_super_admin" time="0.526" /><testcase classname="backend.tests.test_iter11_face_kiosk.TestKioskToken" name="test_rotate_hr_forbidden" time="0.406" /><testcase classname="backend.tests.test_iter11_face_kiosk.TestKioskToken" name="test_rotate_manager_forbidden" time="0.414" /><testcase classname="backend.tests.test_iter11_face_kiosk.TestKioskToken" name="test_rotate_employee_forbidden" time="0.455" /><testcase classname="backend.tests.test_iter11_face_kiosk.TestKioskToken" name="test_get_token_super_admin" time="0.092" /><testcase classname="backend.tests.test_iter11_face_kiosk.TestKioskToken" name="test_get_token_hr_forbidden" time="0.094" /><testcase classname="backend.tests.test_iter11_face_kiosk.TestKioskSession" name="test_missing_token" time="0.084" /><testcase classname="backend.tests.test_iter11_face_kiosk.TestKioskSession" name="test_invalid_token" time="0.088" /><testcase classname="backend.tests.test_iter11_face_kiosk.TestKioskSession" name="test_valid_token" time="0.181" /><testcase classname="backend.tests.test_iter11_face_kiosk.TestKioskSession" name="test_disabled_kiosk_returns_401" time="0.399" /><testcase classname="backend.tests.test_iter11_face_kiosk.TestCompanyShiftPatch" name="test_patch_valid_shift_fields" time="0.108" /><testcase classname="backend.tests.test_iter11_face_kiosk.TestCompanyShiftPatch" name="test_patch_invalid_shift_format" time="0.093" /><testcase classname="backend.tests.test_iter11_face_kiosk.TestCompanyShiftPatch" name="test_patch_grace_out_of_range" time="0.183" /><testcase classname="backend.tests.test_iter11_face_kiosk.TestEmployeeShiftPatch" name="test_employee_override" time="0.291" /><testcase classname="backend.tests.test_iter11_face_kiosk.TestEmployeeShiftPatch" name="test_partial_patch_no_wipe" time="0.184" /><testcase classname="backend.tests.test_iter11_face_kiosk.TestFaceEnroll" name="test_hr_can_enroll" time="0.091" /><testcase classname="backend.tests.test_iter11_face_kiosk.TestFaceEnroll" name="test_manager_cannot_enroll" time="0.098" /><testcase classname="backend.tests.test_iter11_face_kiosk.TestFaceEnroll" name="test_employee_cannot_enroll" time="0.121" /><testcase classname="backend.tests.test_iter11_face_kiosk.TestFaceEnroll" name="test_get_enrollment_status" time="0.097" /><testcase classname="backend.tests.test_iter11_face_kiosk.TestFaceEnroll" name="test_enroll_with_photos" time="0.094" /><testcase classname="backend.tests.test_iter11_face_kiosk.TestFaceEnroll" name="test_enroll_too_few_samples" time="0.124" /><testcase classname="backend.tests.test_iter11_face_kiosk.TestFaceEnroll" name="test_enroll_wrong_embedding_length" time="0.102" /><testcase classname="backend.tests.test_iter11_face_kiosk.TestFaceEnroll" name="test_enroll_nan_infinity" time="0.096" /><testcase classname="backend.tests.test_iter11_face_kiosk.TestKioskMatch" name="test_match_no_enrolled" time="0.277" /><testcase classname="backend.tests.test_iter11_face_kiosk.TestKioskMatch" name="test_match_exact" time="0.188" /><testcase classname="backend.tests.test_iter11_face_kiosk.TestKioskMatch" name="test_liveness_fail" time="0.094" /><testcase classname="backend.tests.test_iter11_face_kiosk.TestKioskMatch" name="test_spoof_detected" time="0.092" /><testcase classname="backend.tests.test_iter11_face_kiosk.TestKioskMatch" name="test_match_invalid_token" time="0.107" /><testcase classname="backend.tests.test_iter11_face_kiosk.TestKioskCheckInOut" name="test_check_in_and_out" time="0.927" /><testcase classname="backend.tests.test_iter11_face_kiosk.TestKioskCheckInOut" name="test_checkout_without_checkin_next_day_logic" time="0.701" /><testcase classname="backend.tests.test_iter11_face_kiosk.TestWebCheckinUsesShift" name="test_late_flag_reflects_company_shift" time="0.361" /><testcase classname="backend.tests.test_iter11_face_kiosk.TestFaceDelete" name="test_delete_face" time="0.191" /><testcase classname="backend.tests.test_iter11_face_kiosk" name="test_zzz_restore_state" time="0.367" /></testsuite></testsuites>