<?xml version="1.0" encoding="utf-8"?><testsuites name="pytest tests"><testsuite name="pytest" errors="0" failures="0" skipped="0" tests="13" time="10.613" timestamp="2026-07-14T12:40:24.551466+00:00" hostname="agent-env-e37ee5ef-3a9f-4af9-ab79-40f52d6e2dd6"><testcase classname="tests.test_iter15_attendance_recheckin.TestReCheckInFlow" name="test_check_in_creates_session_and_event" time="0.635" /><testcase classname="tests.test_iter15_attendance_recheckin.TestReCheckInFlow" name="test_re_check_in_rejected_if_still_checked_in" time="0.228" /><testcase classname="tests.test_iter15_attendance_recheckin.TestReCheckInFlow" name="test_re_check_in_rejected_if_not_checked_in_today" time="0.166" /><testcase classname="tests.test_iter15_attendance_recheckin.TestReCheckInFlow" name="test_full_multi_recheckin_flow" time="3.193" /><testcase classname="tests.test_iter15_attendance_recheckin.TestReCheckInFlow" name="test_events_endpoint_sorted_desc" time="1.362" /><testcase classname="tests.test_iter15_attendance_recheckin.TestExportCSV" name="test_export_unauth_401" time="0.100" /><testcase classname="tests.test_iter15_attendance_recheckin.TestExportCSV" name="test_export_manager_forbidden" time="0.444" /><testcase classname="tests.test_iter15_attendance_recheckin.TestExportCSV" name="test_export_bad_range" time="0.442" /><testcase classname="tests.test_iter15_attendance_recheckin.TestExportCSV" name="test_export_range_too_large" time="0.100" /><testcase classname="tests.test_iter15_attendance_recheckin.TestExportCSV" name="test_export_success_columns_and_content" time="2.085" /><testcase classname="tests.test_iter15_attendance_recheckin.TestExportCSV" name="test_export_department_filter" time="0.135" /><testcase classname="tests.test_iter15_attendance_recheckin.TestExportCSV" name="test_export_hr_allowed" time="0.452" /><testcase classname="tests.test_iter15_attendance_recheckin.TestKioskReCheckIn" name="test_kiosk_check_in_after_check_out_reopens_day" time="1.126" /></testsuite></testsuites>