<?xml version="1.0" encoding="utf-8"?><testsuites name="pytest tests"><testsuite name="pytest" errors="0" failures="0" skipped="0" tests="9" time="2.346" timestamp="2026-07-11T12:44:37.013155+00:00" hostname="agent-env-e37ee5ef-3a9f-4af9-ab79-40f52d6e2dd6"><testcase classname="backend.tests.test_iter12_shift_override_and_defaults.TestShiftOverridePatch" name="test_both_values_persisted" time="0.661" /><testcase classname="backend.tests.test_iter12_shift_override_and_defaults.TestShiftOverridePatch" name="test_only_shift_start_partial_no_wipe_grace" time="0.190" /><testcase classname="backend.tests.test_iter12_shift_override_and_defaults.TestShiftOverridePatch" name="test_only_grace_partial_no_wipe_shift" time="0.190" /><testcase classname="backend.tests.test_iter12_shift_override_and_defaults.TestShiftOverridePatch" name="test_empty_payload_strips_both_no_change" time="0.292" /><testcase classname="backend.tests.test_iter12_shift_override_and_defaults.TestShiftOverridePatch" name="test_invalid_shift_format_422" time="0.096" /><testcase classname="backend.tests.test_iter12_shift_override_and_defaults.TestShiftOverridePatch" name="test_grace_out_of_range_422" time="0.104" /><testcase classname="backend.tests.test_iter12_shift_override_and_defaults.TestWhatsAppDefaults" name="test_default_checkin_checkout_true_for_fresh_tenant" time="0.092" /><testcase classname="backend.tests.test_iter12_shift_override_and_defaults.TestWhatsAppDefaults" name="test_default_module_constants_verify_via_upsert_wipe" time="0.381" /><testcase classname="backend.tests.test_iter12_shift_override_and_defaults" name="test_zzz_restore" time="0.277" /></testsuite></testsuites>