<?xml version="1.0" encoding="utf-8"?><testsuites name="pytest tests"><testsuite name="pytest" errors="0" failures="1" skipped="0" tests="13" time="6.084" timestamp="2026-07-17T13:00:48.832797+00:00" hostname="agent-env-e37ee5ef-3a9f-4af9-ab79-40f52d6e2dd6"><testcase classname="backend.tests.test_iter17_day_schedule.TestDayScheduleShapeAndRBAC" name="test_missing_date_query_param_400_or_422" time="1.750" /><testcase classname="backend.tests.test_iter17_day_schedule.TestDayScheduleShapeAndRBAC" name="test_invalid_date_format_400" time="0.116"><failure message="AssertionError: {&quot;date&quot;:&quot;not-a-date&quot;,&quot;rooms&quot;:[{&quot;id&quot;:&quot;c596cfe9-a14c-4b59-8fc0-2711507df568&quot;,&quot;company_id&quot;:&quot;f03c70a4-8203-4659-820a-b35514ca65fa&quot;,&quot;active&quot;:true,&quot;created_at&quot;:&quot;2026-07-17T11:10:31.002835+00:00&quot;,&quot;name&quot;:&quot;Conference Room A&quot;,&quot;capacity&quot;:8,&quot;features&quot;:[&quot;tv&quot;,&quot;video_conference&quot;,&quot;whiteboard&quot;,&quot;wifi&quot;],&quot;location&quot;:&quot;1st floor&quot;,&quot;bookings&quot;:[]},{&quot;id&quot;:&quot;0c00aee7-27d0-4bd9-9d14-eb45483adc95&quot;,&quot;company_id&quot;:&quot;f03c70a4-8203-4659-820a-b35514ca65fa&quot;,&quot;active&quot;:true,&quot;created_at&quot;:&quot;2026-07-17T11:10:31.002835+00:00&quot;,&quot;name&quot;:&quot;Conference Room B&quot;,&quot;capacity&quot;:4,&quot;features&quot;:[&quot;tv&quot;,&quot;whiteboard&quot;,&quot;wifi&quot;],&quot;location&quot;:&quot;1st floor&quot;,&quot;bookings&quot;:[]}]}&#10;assert 200 == 400&#10; +  where 200 = &lt;Response [200]&gt;.status_code">backend/tests/test_iter17_day_schedule.py:78: in test_invalid_date_format_400
    assert r.status_code == 400, r.text
E   AssertionError: {"date":"not-a-date","rooms":[{"id":"c596cfe9-a14c-4b59-8fc0-2711507df568","company_id":"f03c70a4-8203-4659-820a-b35514ca65fa","active":true,"created_at":"2026-07-17T11:10:31.002835+00:00","name":"Conference Room A","capacity":8,"features":["tv","video_conference","whiteboard","wifi"],"location":"1st floor","bookings":[]},{"id":"0c00aee7-27d0-4bd9-9d14-eb45483adc95","company_id":"f03c70a4-8203-4659-820a-b35514ca65fa","active":true,"created_at":"2026-07-17T11:10:31.002835+00:00","name":"Conference Room B","capacity":4,"features":["tv","whiteboard","wifi"],"location":"1st floor","bookings":[]}]}
E   assert 200 == 400
E    +  where 200 = &lt;Response [200]&gt;.status_code</failure></testcase><testcase classname="backend.tests.test_iter17_day_schedule.TestDayScheduleShapeAndRBAC" name="test_response_shape_super_admin" time="0.143" /><testcase classname="backend.tests.test_iter17_day_schedule.TestDayScheduleShapeAndRBAC" name="test_employee_can_access" time="0.115" /><testcase classname="backend.tests.test_iter17_day_schedule.TestDayScheduleShapeAndRBAC" name="test_manager_can_access" time="0.157" /><testcase classname="backend.tests.test_iter17_day_schedule.TestDayScheduleShapeAndRBAC" name="test_hr_can_access" time="0.108" /><testcase classname="backend.tests.test_iter17_day_schedule.TestDayScheduleShapeAndRBAC" name="test_no_auth_401" time="0.105" /><testcase classname="backend.tests.test_iter17_day_schedule.TestBookingsForDay" name="test_bookings_appear_sorted_and_only_for_that_day" time="0.824" /><testcase classname="backend.tests.test_iter17_day_schedule.TestBookingsForDay" name="test_cancelled_meeting_excluded" time="0.432" /><testcase classname="backend.tests.test_iter17_day_schedule.TestBookingsForDay" name="test_rejected_meeting_excluded" time="0.453" /><testcase classname="backend.tests.test_iter17_day_schedule.TestBookingsForDay" name="test_pending_meeting_included" time="0.491" /><testcase classname="backend.tests.test_iter17_day_schedule.TestOverlap" name="test_meeting_spanning_midnight_appears_on_both_days" time="0.629" /><testcase classname="backend.tests.test_iter17_day_schedule.TestDeactivatedRoom" name="test_deactivated_room_hidden_from_day_schedule_but_historic_bookings_via_id" time="0.672" /></testsuite></testsuites>