<?xml version="1.0" encoding="utf-8"?><testsuites name="pytest tests"><testsuite name="pytest" errors="0" failures="0" skipped="0" tests="16" time="6.549" timestamp="2026-07-17T11:18:14.448802+00:00" hostname="agent-env-e37ee5ef-3a9f-4af9-ab79-40f52d6e2dd6"><testcase classname="backend.tests.test_iter16_rooms_meetings.TestRoomListingAndSeed" name="test_get_rooms_auto_seed_two_default" time="1.567" /><testcase classname="backend.tests.test_iter16_rooms_meetings.TestRoomListingAndSeed" name="test_get_rooms_idempotent" time="0.207" /><testcase classname="backend.tests.test_iter16_rooms_meetings.TestRoomListingAndSeed" name="test_get_rooms_employee_can_list" time="0.105" /><testcase classname="backend.tests.test_iter16_rooms_meetings.TestRoomCRUDRBAC" name="test_manager_cannot_create_room" time="0.093" /><testcase classname="backend.tests.test_iter16_rooms_meetings.TestRoomCRUDRBAC" name="test_employee_cannot_create_room" time="0.106" /><testcase classname="backend.tests.test_iter16_rooms_meetings.TestRoomCRUDRBAC" name="test_hr_can_create_and_super_admin_can_delete" time="0.698" /><testcase classname="backend.tests.test_iter16_rooms_meetings.TestRoomCRUDRBAC" name="test_employee_cannot_patch_or_delete" time="0.338" /><testcase classname="backend.tests.test_iter16_rooms_meetings.TestConflictCheck" name="test_check_conflict_available" time="0.190" /><testcase classname="backend.tests.test_iter16_rooms_meetings.TestMeetingCreateAndConflict" name="test_30min_auto_approved_and_409_on_second" time="0.409" /><testcase classname="backend.tests.test_iter16_rooms_meetings.TestMeetingCreateAndConflict" name="test_end_before_start_400" time="0.099" /><testcase classname="backend.tests.test_iter16_rooms_meetings.TestMeetingCreateAndConflict" name="test_invalid_room_id_400" time="0.097" /><testcase classname="backend.tests.test_iter16_rooms_meetings.TestMeetingCreateAndConflict" name="test_inactive_room_400" time="0.290" /><testcase classname="backend.tests.test_iter16_rooms_meetings.TestApprovalFlow" name="test_recurring_by_employee_pending_then_approve" time="1.046" /><testcase classname="backend.tests.test_iter16_rooms_meetings.TestApprovalFlow" name="test_long_meeting_reject_with_note" time="0.619" /><testcase classname="backend.tests.test_iter16_rooms_meetings.TestApprovalFlow" name="test_super_admin_long_meeting_auto_approves" time="0.305" /><testcase classname="backend.tests.test_iter16_rooms_meetings.TestApprovalFlow" name="test_hr_recurring_auto_approves" time="0.311" /></testsuite></testsuites>