<?xml version="1.0" encoding="utf-8"?><testsuites name="pytest tests"><testsuite name="pytest" errors="0" failures="1" skipped="0" tests="33" time="9.443" timestamp="2026-07-11T12:33:35.486641+00:00" hostname="agent-env-e37ee5ef-3a9f-4af9-ab79-40f52d6e2dd6"><testcase classname="backend.tests.test_iter11_face_kiosk.TestKioskToken" name="test_rotate_super_admin" time="0.683" /><testcase classname="backend.tests.test_iter11_face_kiosk.TestKioskToken" name="test_rotate_hr_forbidden" time="0.460" /><testcase classname="backend.tests.test_iter11_face_kiosk.TestKioskToken" name="test_rotate_manager_forbidden" time="0.445" /><testcase classname="backend.tests.test_iter11_face_kiosk.TestKioskToken" name="test_rotate_employee_forbidden" time="0.412" /><testcase classname="backend.tests.test_iter11_face_kiosk.TestKioskToken" name="test_get_token_super_admin" time="0.096" /><testcase classname="backend.tests.test_iter11_face_kiosk.TestKioskToken" name="test_get_token_hr_forbidden" time="0.098" /><testcase classname="backend.tests.test_iter11_face_kiosk.TestKioskSession" name="test_missing_token" time="0.095" /><testcase classname="backend.tests.test_iter11_face_kiosk.TestKioskSession" name="test_invalid_token" time="0.096" /><testcase classname="backend.tests.test_iter11_face_kiosk.TestKioskSession" name="test_valid_token" time="0.195" /><testcase classname="backend.tests.test_iter11_face_kiosk.TestKioskSession" name="test_disabled_kiosk_returns_401" time="0.482" /><testcase classname="backend.tests.test_iter11_face_kiosk.TestCompanyShiftPatch" name="test_patch_valid_shift_fields" time="0.151" /><testcase classname="backend.tests.test_iter11_face_kiosk.TestCompanyShiftPatch" name="test_patch_invalid_shift_format" time="0.098" /><testcase classname="backend.tests.test_iter11_face_kiosk.TestCompanyShiftPatch" name="test_patch_grace_out_of_range" time="0.182" /><testcase classname="backend.tests.test_iter11_face_kiosk.TestEmployeeShiftPatch" name="test_employee_override" time="0.348" /><testcase classname="backend.tests.test_iter11_face_kiosk.TestEmployeeShiftPatch" name="test_partial_patch_no_wipe" time="0.191" /><testcase classname="backend.tests.test_iter11_face_kiosk.TestFaceEnroll" name="test_hr_can_enroll" time="0.103" /><testcase classname="backend.tests.test_iter11_face_kiosk.TestFaceEnroll" name="test_manager_cannot_enroll" time="0.095" /><testcase classname="backend.tests.test_iter11_face_kiosk.TestFaceEnroll" name="test_employee_cannot_enroll" time="0.092" /><testcase classname="backend.tests.test_iter11_face_kiosk.TestFaceEnroll" name="test_get_enrollment_status" time="0.103" /><testcase classname="backend.tests.test_iter11_face_kiosk.TestFaceEnroll" name="test_enroll_with_photos" time="0.096" /><testcase classname="backend.tests.test_iter11_face_kiosk.TestFaceEnroll" name="test_enroll_too_few_samples" time="0.092" /><testcase classname="backend.tests.test_iter11_face_kiosk.TestFaceEnroll" name="test_enroll_wrong_embedding_length" time="0.094" /><testcase classname="backend.tests.test_iter11_face_kiosk.TestFaceEnroll" name="test_enroll_nan_infinity" time="0.096" /><testcase classname="backend.tests.test_iter11_face_kiosk.TestKioskMatch" name="test_match_no_enrolled" time="0.289" /><testcase classname="backend.tests.test_iter11_face_kiosk.TestKioskMatch" name="test_match_exact" time="0.205" /><testcase classname="backend.tests.test_iter11_face_kiosk.TestKioskMatch" name="test_liveness_fail" time="0.098" /><testcase classname="backend.tests.test_iter11_face_kiosk.TestKioskMatch" name="test_spoof_detected" time="0.097" /><testcase classname="backend.tests.test_iter11_face_kiosk.TestKioskMatch" name="test_match_invalid_token" time="0.097" /><testcase classname="backend.tests.test_iter11_face_kiosk.TestKioskCheckInOut" name="test_check_in_and_out" time="2.082"><failure message="AssertionError: No WhatsApp outbox row for kiosk check-in. Rows sample: [{'id': '4fd4510b-95ee-40cf-aebf-08ababa5d0b2', 'company_id': 'f03c70a4-8203-4659-820a-b35514ca65fa', 'provider': 'azmarq', 'to': '918826471808', 'template': 'meeting_scheduled_v1', 'params': ['Alex Rivera', 'Sarah Chen', 'meeting', '01 Jul 2026 (Wed)', '08:00 pm → 08:30 pm IST'], 'status': 'sent', 'detail': '[azmarq] id=4a38f29a-3663-468e-9a85-70393549398b', 'url': 'https://api.azmarq.com/v1/what&#10;assert False">backend/tests/test_iter11_face_kiosk.py:428: in test_check_in_and_out
    assert found, f"No WhatsApp outbox row for kiosk check-in. Rows sample: {str(rows)[:400]}"
E   AssertionError: No WhatsApp outbox row for kiosk check-in. Rows sample: [{'id': '4fd4510b-95ee-40cf-aebf-08ababa5d0b2', 'company_id': 'f03c70a4-8203-4659-820a-b35514ca65fa', 'provider': 'azmarq', 'to': '918826471808', 'template': 'meeting_scheduled_v1', 'params': ['Alex Rivera', 'Sarah Chen', 'meeting', '01 Jul 2026 (Wed)', '08:00 pm → 08:30 pm IST'], 'status': 'sent', 'detail': '[azmarq] id=4a38f29a-3663-468e-9a85-70393549398b', 'url': 'https://api.azmarq.com/v1/what
E   assert False</failure></testcase><testcase classname="backend.tests.test_iter11_face_kiosk.TestKioskCheckInOut" name="test_checkout_without_checkin_next_day_logic" time="0.695" /><testcase classname="backend.tests.test_iter11_face_kiosk.TestWebCheckinUsesShift" name="test_late_flag_reflects_company_shift" time="0.377" /><testcase classname="backend.tests.test_iter11_face_kiosk.TestFaceDelete" name="test_delete_face" time="0.195" /><testcase classname="backend.tests.test_iter11_face_kiosk" name="test_zzz_restore_state" time="0.400" /></testsuite></testsuites>