<?xml version="1.0" encoding="utf-8"?><testsuites name="pytest tests"><testsuite name="pytest" errors="0" failures="0" skipped="0" tests="24" time="19.282" timestamp="2026-07-13T13:22:27.734000+00:00" hostname="agent-env-e37ee5ef-3a9f-4af9-ab79-40f52d6e2dd6"><testcase classname="backend.tests.test_iter14_expenses" name="test_categories_defaults" time="0.981" /><testcase classname="backend.tests.test_iter14_expenses" name="test_categories_requires_auth" time="0.097" /><testcase classname="backend.tests.test_iter14_expenses" name="test_create_claim_and_manager_routing" time="0.124" /><testcase classname="backend.tests.test_iter14_expenses" name="test_create_claim_persists_and_appears_in_mine" time="0.202" /><testcase classname="backend.tests.test_iter14_expenses" name="test_create_rejects_bad_input" time="0.530" /><testcase classname="backend.tests.test_iter14_expenses" name="test_create_rejects_unknown_category" time="0.105" /><testcase classname="backend.tests.test_iter14_expenses" name="test_receipt_upload_stores_and_serves" time="0.200" /><testcase classname="backend.tests.test_iter14_expenses" name="test_receipt_upload_rejects_over_5mb" time="0.670" /><testcase classname="backend.tests.test_iter14_expenses" name="test_mine_returns_only_own" time="0.632" /><testcase classname="backend.tests.test_iter14_expenses" name="test_all_requires_manager_plus" time="0.619" /><testcase classname="backend.tests.test_iter14_expenses" name="test_all_status_filter[pending]" time="0.101" /><testcase classname="backend.tests.test_iter14_expenses" name="test_all_status_filter[approved]" time="0.163" /><testcase classname="backend.tests.test_iter14_expenses" name="test_all_status_filter[rejected]" time="0.105" /><testcase classname="backend.tests.test_iter14_expenses" name="test_all_status_filter[paid]" time="0.098" /><testcase classname="backend.tests.test_iter14_expenses" name="test_all_status_filter[all]" time="0.109" /><testcase classname="backend.tests.test_iter14_expenses" name="test_summary_shape_and_rbac" time="0.219" /><testcase classname="backend.tests.test_iter14_expenses" name="test_approve_flow_and_already_decided" time="0.465" /><testcase classname="backend.tests.test_iter14_expenses" name="test_reject_flow" time="0.293" /><testcase classname="backend.tests.test_iter14_expenses" name="test_mark_paid_only_admin_or_hr_and_only_approved" time="0.953" /><testcase classname="backend.tests.test_iter14_expenses" name="test_employee_can_delete_own_pending_only" time="0.297" /><testcase classname="backend.tests.test_iter14_expenses" name="test_employee_cannot_delete_after_approval" time="0.307" /><testcase classname="backend.tests.test_iter14_expenses" name="test_admin_can_delete_any" time="0.212" /><testcase classname="backend.tests.test_iter14_expenses" name="test_employee_cannot_delete_someone_elses" time="0.212" /><testcase classname="backend.tests.test_iter14_expenses" name="test_unauth_endpoints_return_401_or_403" time="11.515" /></testsuite></testsuites>