<?xml version="1.0" encoding="utf-8"?><testsuites name="pytest tests"><testsuite name="pytest" errors="0" failures="0" skipped="0" tests="13" time="18.647" timestamp="2026-07-11T13:06:26.390188+00:00" hostname="agent-env-e37ee5ef-3a9f-4af9-ab79-40f52d6e2dd6"><testcase classname="tests.test_iter13_migration_and_kiosk_activity.TestMigrationCheckinCheckoutFlip" name="test_flip_and_idempotence" time="8.872" /><testcase classname="tests.test_iter13_migration_and_kiosk_activity.TestKioskActivityAuth" name="test_super_admin_allowed" time="0.097" /><testcase classname="tests.test_iter13_migration_and_kiosk_activity.TestKioskActivityAuth" name="test_hr_allowed" time="0.479" /><testcase classname="tests.test_iter13_migration_and_kiosk_activity.TestKioskActivityAuth" name="test_manager_forbidden" time="0.415" /><testcase classname="tests.test_iter13_migration_and_kiosk_activity.TestKioskActivityAuth" name="test_employee_forbidden" time="0.460" /><testcase classname="tests.test_iter13_migration_and_kiosk_activity.TestKioskActivityAuth" name="test_unauth_401" time="0.091" /><testcase classname="tests.test_iter13_migration_and_kiosk_activity.TestKioskActivityLimit" name="test_limit_1" time="0.127" /><testcase classname="tests.test_iter13_migration_and_kiosk_activity.TestKioskActivityLimit" name="test_limit_100" time="4.170" /><testcase classname="tests.test_iter13_migration_and_kiosk_activity.TestKioskActivityLimit" name="test_limit_101_422" time="0.112" /><testcase classname="tests.test_iter13_migration_and_kiosk_activity.TestKioskActivityLimit" name="test_limit_0_422" time="0.096" /><testcase classname="tests.test_iter13_migration_and_kiosk_activity.TestKioskWriteThenRead" name="test_end_to_end_kiosk_flow" time="3.062" /><testcase classname="tests.test_iter13_migration_and_kiosk_activity.TestKioskActivityTenantIsolation" name="test_events_belong_to_admin_company" time="0.186" /><testcase classname="tests.test_iter13_migration_and_kiosk_activity.TestIter12RegressionShiftOverride" name="test_patch_shift_override_persists" time="0.394" /></testsuite></testsuites>