<?xml version="1.0" encoding="utf-8"?><testsuites name="pytest tests"><testsuite name="pytest" errors="0" failures="0" skipped="0" tests="26" time="6.719" timestamp="2026-05-22T07:06:56.013972+00:00" hostname="agent-env-e37ee5ef-3a9f-4af9-ab79-40f52d6e2dd6"><testcase classname="backend.tests.backend_test.TestAuth" name="test_admin_login" time="0.346" /><testcase classname="backend.tests.backend_test.TestAuth" name="test_employee_login" time="0.317" /><testcase classname="backend.tests.backend_test.TestAuth" name="test_login_wrong_password" time="0.321" /><testcase classname="backend.tests.backend_test.TestAuth" name="test_me" time="0.511" /><testcase classname="backend.tests.backend_test.TestAuth" name="test_me_no_token" time="0.092" /><testcase classname="backend.tests.backend_test.TestDashboards" name="test_admin_dashboard" time="0.100" /><testcase classname="backend.tests.backend_test.TestDashboards" name="test_admin_dashboard_forbidden_for_employee" time="0.414" /><testcase classname="backend.tests.backend_test.TestDashboards" name="test_employee_dashboard" time="0.090" /><testcase classname="backend.tests.backend_test.TestEmployees" name="test_list_employees" time="0.097" /><testcase classname="backend.tests.backend_test.TestEmployees" name="test_employees_me" time="0.106" /><testcase classname="backend.tests.backend_test.TestEmployees" name="test_create_employee_admin" time="0.594" /><testcase classname="backend.tests.backend_test.TestDepartments" name="test_list_departments" time="0.095" /><testcase classname="backend.tests.backend_test.TestDepartments" name="test_create_department" time="0.095" /><testcase classname="backend.tests.backend_test.TestAttendance" name="test_attendance_flow" time="0.610" /><testcase classname="backend.tests.backend_test.TestAttendance" name="test_status_update" time="0.093" /><testcase classname="backend.tests.backend_test.TestAttendance" name="test_monitor_admin" time="0.101" /><testcase classname="backend.tests.backend_test.TestLeave" name="test_balances" time="0.100" /><testcase classname="backend.tests.backend_test.TestLeave" name="test_apply_approve_flow" time="0.397" /><testcase classname="backend.tests.backend_test.TestLeave" name="test_apply_reject_flow" time="0.393" /><testcase classname="backend.tests.backend_test.TestWFH" name="test_wfh_flow" time="0.381" /><testcase classname="backend.tests.backend_test.TestWFH" name="test_wfh_today" time="0.117" /><testcase classname="backend.tests.backend_test.TestMeetings" name="test_create_list_cancel" time="0.438" /><testcase classname="backend.tests.backend_test.TestChat" name="test_contacts" time="0.107" /><testcase classname="backend.tests.backend_test.TestChat" name="test_send_and_receive" time="0.306" /><testcase classname="backend.tests.backend_test.TestAnnouncements" name="test_create_and_list" time="0.213" /><testcase classname="backend.tests.backend_test.TestNotifications" name="test_list_and_read_all" time="0.189" /></testsuite></testsuites>