<?xml version="1.0" encoding="utf-8"?><testsuites name="pytest tests"><testsuite name="pytest" errors="0" failures="0" skipped="0" tests="17" time="16.171" timestamp="2026-06-30T14:44:07.848744+00:00" hostname="agent-env-e37ee5ef-3a9f-4af9-ab79-40f52d6e2dd6"><testcase classname="backend.tests.test_whatsapp_azmarq_v2_payload.TestConfigCampaignHeaderFields" name="test_get_returns_new_fields" time="0.671" /><testcase classname="backend.tests.test_whatsapp_azmarq_v2_payload.TestConfigCampaignHeaderFields" name="test_put_then_get_roundtrip" time="0.205" /><testcase classname="backend.tests.test_whatsapp_azmarq_v2_payload.TestConfigCampaignHeaderFields" name="test_partial_put_campaign_name_only_does_not_wipe_others" time="0.407" /><testcase classname="backend.tests.test_whatsapp_azmarq_v2_payload.TestAzmarqPayloadShape" name="test_test_send_produces_exact_6key_payload" time="1.088" /><testcase classname="backend.tests.test_whatsapp_azmarq_v2_payload.TestAzmarqPayloadShape" name="test_from_field_auto_prepends_plus_when_missing" time="1.076" /><testcase classname="backend.tests.test_whatsapp_azmarq_v2_payload.TestAzmarqPayloadShape" name="test_from_field_keeps_plus_when_already_present" time="1.048" /><testcase classname="backend.tests.test_whatsapp_azmarq_v2_payload.TestAzmarqPayloadShape" name="test_defaults_when_campaign_name_and_header_text_empty" time="1.067" /><testcase classname="backend.tests.test_whatsapp_azmarq_v2_payload.TestOutboxRow" name="test_outbox_contains_full_audit_fields" time="1.085" /><testcase classname="backend.tests.test_whatsapp_azmarq_v2_payload.TestPayloadExtrasMergeStillWorks" name="test_payload_extras_merges_on_top" time="1.183" /><testcase classname="backend.tests.test_whatsapp_azmarq_v2_payload.TestRegressionAllFiveTemplates" name="test_each_template_uses_new_shape[status_update-4]" time="1.186" /><testcase classname="backend.tests.test_whatsapp_azmarq_v2_payload.TestRegressionAllFiveTemplates" name="test_each_template_uses_new_shape[leave_request-6]" time="1.165" /><testcase classname="backend.tests.test_whatsapp_azmarq_v2_payload.TestRegressionAllFiveTemplates" name="test_each_template_uses_new_shape[wfh_request-4]" time="1.196" /><testcase classname="backend.tests.test_whatsapp_azmarq_v2_payload.TestRegressionAllFiveTemplates" name="test_each_template_uses_new_shape[meeting_scheduled-5]" time="1.138" /><testcase classname="backend.tests.test_whatsapp_azmarq_v2_payload.TestRegressionAllFiveTemplates" name="test_each_template_uses_new_shape[checkin_checkout-4]" time="1.254" /><testcase classname="backend.tests.test_whatsapp_azmarq_v2_payload.TestFireAndForgetWithNewPayload" name="test_leave_apply_still_201_when_wa_fails" time="0.913" /><testcase classname="backend.tests.test_whatsapp_azmarq_v2_payload.TestFireAndForgetWithNewPayload" name="test_wfh_apply_still_201_when_wa_fails" time="1.176" /><testcase classname="backend.tests.test_whatsapp_azmarq_v2_payload.TestFinalRestore" name="test_restore_iteration5_state" time="0.216" /></testsuite></testsuites>