<?xml version="1.0" encoding="utf-8"?><testsuites name="pytest tests"><testsuite name="pytest" errors="0" failures="0" skipped="0" tests="14" time="11.578" timestamp="2026-06-30T14:12:37.129581+00:00" hostname="agent-env-e37ee5ef-3a9f-4af9-ab79-40f52d6e2dd6"><testcase classname="backend.tests.test_whatsapp_payload_extras.TestPayloadExtrasRoundTrip" name="test_get_returns_payload_extras_field" time="0.632" /><testcase classname="backend.tests.test_whatsapp_payload_extras.TestPayloadExtrasRoundTrip" name="test_put_dict_then_get_roundtrip" time="0.195" /><testcase classname="backend.tests.test_whatsapp_payload_extras.TestPayloadExtrasRoundTrip" name="test_put_json_string_parses" time="0.213" /><testcase classname="backend.tests.test_whatsapp_payload_extras.TestPayloadExtrasRoundTrip" name="test_put_null_clears" time="0.350" /><testcase classname="backend.tests.test_whatsapp_payload_extras.TestPayloadExtrasRoundTrip" name="test_malformed_json_string_does_not_crash" time="0.331" /><testcase classname="backend.tests.test_whatsapp_payload_extras.TestAzMarqPayloadShape" name="test_default_azmarq_payload_has_required_keys" time="1.205" /><testcase classname="backend.tests.test_whatsapp_payload_extras.TestAzMarqPayloadShape" name="test_phone_split_with_default_cc" time="1.069" /><testcase classname="backend.tests.test_whatsapp_payload_extras.TestAzMarqPayloadShape" name="test_phone_split_fallback_last_10" time="1.352" /><testcase classname="backend.tests.test_whatsapp_payload_extras.TestAzMarqPayloadShape" name="test_extras_shallow_merge" time="1.081" /><testcase classname="backend.tests.test_whatsapp_payload_extras.TestAzMarqPayloadShape" name="test_extras_cleared_removes_merge" time="1.167" /><testcase classname="backend.tests.test_whatsapp_payload_extras.TestOutboxFields" name="test_outbox_has_five_new_fields" time="1.079" /><testcase classname="backend.tests.test_whatsapp_payload_extras.TestOutboxFields" name="test_request_payload_bson_friendly" time="1.057" /><testcase classname="backend.tests.test_whatsapp_payload_extras.TestFireAndForgetRegression" name="test_wfh_apply_succeeds_with_bogus_azmarq" time="1.573" /><testcase classname="backend.tests.test_whatsapp_payload_extras.TestRestoreFinalState" name="test_restore_clean_state" time="0.207" /></testsuite></testsuites>