<?xml version="1.0" encoding="utf-8"?><testsuites name="pytest tests"><testsuite name="pytest" errors="0" failures="0" skipped="0" tests="12" time="58.066" timestamp="2026-07-01T05:51:19.388183+00:00" hostname="agent-env-e37ee5ef-3a9f-4af9-ab79-40f52d6e2dd6"><testcase classname="backend.tests.test_whatsapp_timezone.TestConfigTimezoneField" name="test_get_config_returns_timezone_default" time="0.503" /><testcase classname="backend.tests.test_whatsapp_timezone.TestConfigTimezoneField" name="test_put_utc_then_get" time="0.312" /><testcase classname="backend.tests.test_whatsapp_timezone.TestConfigTimezoneField" name="test_put_london_then_get" time="0.208" /><testcase classname="backend.tests.test_whatsapp_timezone.TestConfigTimezoneField" name="test_put_invalid_tz_is_stored_but_falls_back_at_send_time" time="3.225" /><testcase classname="backend.tests.test_whatsapp_timezone.TestPartialUpdatePreservesTimezone" name="test_partial_put_enabled_only_preserves_tz" time="0.397" /><testcase classname="backend.tests.test_whatsapp_timezone.TestStatusUpdateTimeInTenantTZ" name="test_ist_time_and_abbr" time="2.388" /><testcase classname="backend.tests.test_whatsapp_timezone.TestStatusUpdateTimeInTenantTZ" name="test_utc_time_and_abbr" time="2.299" /><testcase classname="backend.tests.test_whatsapp_timezone.TestStatusUpdateTimeInTenantTZ" name="test_new_york_time_and_abbr" time="2.440" /><testcase classname="backend.tests.test_whatsapp_timezone.TestCheckinCheckoutTimeInTenantTZ" name="test_checkin_and_checkout_use_tenant_tz" time="30.993" /><testcase classname="backend.tests.test_whatsapp_timezone.TestLeaveWFHRegression" name="test_leave_still_2xx_and_dates_not_reformatted" time="2.693" /><testcase classname="backend.tests.test_whatsapp_timezone.TestLeaveWFHRegression" name="test_wfh_still_2xx" time="12.299" /><testcase classname="backend.tests.test_whatsapp_timezone.TestRestoreFinalState" name="test_restore_ist_default" time="0.230" /></testsuite></testsuites>