<?xml version="1.0" encoding="utf-8"?><testsuites name="pytest tests"><testsuite name="pytest" errors="0" failures="0" skipped="0" tests="3" time="1.665" timestamp="2026-06-30T14:13:17.612984+00:00" hostname="agent-env-e37ee5ef-3a9f-4af9-ab79-40f52d6e2dd6"><testcase classname="backend.tests.test_whatsapp_partial_update" name="test_partial_put_enabled_only_preserves_other_fields" time="0.935" /><testcase classname="backend.tests.test_whatsapp_partial_update" name="test_partial_put_toggle_disabled_then_enabled_preserves_creds" time="0.450" /><testcase classname="backend.tests.test_whatsapp_partial_update" name="test_final_restore_clean_state" time="0.215" /></testsuite></testsuites>