<?xml version="1.0" encoding="utf-8"?><testsuites name="pytest tests"><testsuite name="pytest" errors="0" failures="4" skipped="0" tests="14" time="11.721" timestamp="2026-06-30T14:07:06.398409+00:00" hostname="agent-env-e37ee5ef-3a9f-4af9-ab79-40f52d6e2dd6"><testcase classname="backend.tests.test_whatsapp_payload_extras.TestPayloadExtrasRoundTrip" name="test_get_returns_payload_extras_field" time="0.699"><failure message="AssertionError: assert {'customSenderField': 'abc123', 'testCheck': True} is None">backend/tests/test_whatsapp_payload_extras.py:87: in test_get_returns_payload_extras_field
    assert cfg["payload_extras"] is None
E   AssertionError: assert {'customSenderField': 'abc123', 'testCheck': True} is None</failure></testcase><testcase classname="backend.tests.test_whatsapp_payload_extras.TestPayloadExtrasRoundTrip" name="test_put_dict_then_get_roundtrip" time="0.230" /><testcase classname="backend.tests.test_whatsapp_payload_extras.TestPayloadExtrasRoundTrip" name="test_put_json_string_parses" time="0.210" /><testcase classname="backend.tests.test_whatsapp_payload_extras.TestPayloadExtrasRoundTrip" name="test_put_null_clears" time="0.362"><failure message="AssertionError: assert {'x': 1} is None">backend/tests/test_whatsapp_payload_extras.py:111: in test_put_null_clears
    assert cfg["payload_extras"] is None
E   AssertionError: assert {'x': 1} is None</failure></testcase><testcase classname="backend.tests.test_whatsapp_payload_extras.TestPayloadExtrasRoundTrip" name="test_malformed_json_string_does_not_crash" time="0.328" /><testcase classname="backend.tests.test_whatsapp_payload_extras.TestAzMarqPayloadShape" name="test_default_azmarq_payload_has_required_keys" time="1.209" /><testcase classname="backend.tests.test_whatsapp_payload_extras.TestAzMarqPayloadShape" name="test_phone_split_with_default_cc" time="1.036" /><testcase classname="backend.tests.test_whatsapp_payload_extras.TestAzMarqPayloadShape" name="test_phone_split_fallback_last_10" time="1.302" /><testcase classname="backend.tests.test_whatsapp_payload_extras.TestAzMarqPayloadShape" name="test_extras_shallow_merge" time="1.064" /><testcase classname="backend.tests.test_whatsapp_payload_extras.TestAzMarqPayloadShape" name="test_extras_cleared_removes_merge" time="1.228"><failure message="AssertionError: extras leaked after clear: {'to': '918826471808', 'countryCode': '+91', 'phoneNumber': '8826471808', 'from': '261186630417690', 'senderMobile': '261186630417690', 'senderMobileNumber': '261186630417690', 'senderNumber': '261186630417690', 'wabaId': '125892728400090', 'headerType': 'NONE', 'type': 'Template', 'template': {'name': 'hrmis_status_update', 'languageCode': 'en', 'language': {'code': 'en'}, 'headerType': 'NONE', 'components': [{'type': 'BODY', 'bodyValues': ['Sarah Chen', 'Test Employee', 'On Break', '12 Feb 2026, 11:30 UTC'], 'parameters': [{'type': 'text', 'text': 'Sarah Chen'}, {'type': 'text', 'text': 'Test Employee'}, {'type': 'text', 'text': 'On Break'}, {'type': 'text', 'text': '12 Feb 2026, 11:30 UTC'}]}]}, 'campaignName': 'FOOBAR'}&#10;assert 'campaignName' not in {'campaignName': 'FOOBAR', 'countryCode': '+91', 'from': '261186630417690', 'headerType': 'NONE', ...}">backend/tests/test_whatsapp_payload_extras.py:233: in test_extras_cleared_removes_merge
    assert "campaignName" not in payload, f"extras leaked after clear: {payload}"
E   AssertionError: extras leaked after clear: {'to': '918826471808', 'countryCode': '+91', 'phoneNumber': '8826471808', 'from': '261186630417690', 'senderMobile': '261186630417690', 'senderMobileNumber': '261186630417690', 'senderNumber': '261186630417690', 'wabaId': '125892728400090', 'headerType': 'NONE', 'type': 'Template', 'template': {'name': 'hrmis_status_update', 'languageCode': 'en', 'language': {'code': 'en'}, 'headerType': 'NONE', 'components': [{'type': 'BODY', 'bodyValues': ['Sarah Chen', 'Test Employee', 'On Break', '12 Feb 2026, 11:30 UTC'], 'parameters': [{'type': 'text', 'text': 'Sarah Chen'}, {'type': 'text', 'text': 'Test Employee'}, {'type': 'text', 'text': 'On Break'}, {'type': 'text', 'text': '12 Feb 2026, 11:30 UTC'}]}]}, 'campaignName': 'FOOBAR'}
E   assert 'campaignName' not in {'campaignName': 'FOOBAR', 'countryCode': '+91', 'from': '261186630417690', 'headerType': 'NONE', ...}</failure></testcase><testcase classname="backend.tests.test_whatsapp_payload_extras.TestOutboxFields" name="test_outbox_has_five_new_fields" time="1.121" /><testcase classname="backend.tests.test_whatsapp_payload_extras.TestOutboxFields" name="test_request_payload_bson_friendly" time="1.045" /><testcase classname="backend.tests.test_whatsapp_payload_extras.TestFireAndForgetRegression" name="test_wfh_apply_succeeds_with_bogus_azmarq" time="1.577" /><testcase classname="backend.tests.test_whatsapp_payload_extras.TestRestoreFinalState" name="test_restore_clean_state" time="0.209"><failure message="AssertionError: assert {'campaignName': 'FNFTEST'} is None">backend/tests/test_whatsapp_payload_extras.py:313: in test_restore_clean_state
    assert cfg["payload_extras"] is None
E   AssertionError: assert {'campaignName': 'FNFTEST'} is None</failure></testcase></testsuite></testsuites>