<?xml version="1.0" encoding="utf-8"?><testsuites name="pytest tests"><testsuite name="pytest" errors="0" failures="0" skipped="0" tests="10" time="6.008" timestamp="2026-06-30T14:13:26.871683+00:00" hostname="agent-env-e37ee5ef-3a9f-4af9-ab79-40f52d6e2dd6"><testcase classname="backend.tests.test_whatsapp_provider.TestWhatsAppConfigShape" name="test_get_config_returns_provider_fields" time="0.500" /><testcase classname="backend.tests.test_whatsapp_provider.TestProviderPersistence" name="test_put_azmarq_persists" time="0.244" /><testcase classname="backend.tests.test_whatsapp_provider.TestProviderPersistence" name="test_invalid_provider_silently_dropped" time="0.104" /><testcase classname="backend.tests.test_whatsapp_provider.TestProviderPersistence" name="test_token_persists_across_provider_switch" time="0.226" /><testcase classname="backend.tests.test_whatsapp_provider.TestSendRouting" name="test_azmarq_uses_verbatim_url" time="1.313" /><testcase classname="backend.tests.test_whatsapp_provider.TestSendRouting" name="test_meta_blank_base_uses_default" time="0.485" /><testcase classname="backend.tests.test_whatsapp_provider.TestSendRouting" name="test_meta_custom_url_with_placeholder" time="0.389" /><testcase classname="backend.tests.test_whatsapp_provider.TestFireAndForget" name="test_leave_apply_succeeds_with_bad_whatsapp" time="1.544" /><testcase classname="backend.tests.test_whatsapp_provider.TestFireAndForget" name="test_wfh_apply_succeeds_with_bad_whatsapp" time="1.008" /><testcase classname="backend.tests.test_whatsapp_provider.TestRestoreFinalState" name="test_restore_azmarq_state" time="0.132" /></testsuite></testsuites>