<?xml version="1.0" encoding="utf-8"?><testsuites name="pytest tests"><testsuite name="pytest" errors="0" failures="0" skipped="0" tests="20" time="30.498" timestamp="2026-07-01T10:10:41.480783+00:00" hostname="agent-env-e37ee5ef-3a9f-4af9-ab79-40f52d6e2dd6"><testcase classname="backend.tests.test_whatsapp_meeting_time.TestSetup" name="test_ensure_ist_and_phone" time="1.053" /><testcase classname="backend.tests.test_whatsapp_meeting_time.TestNaiveInputIST" name="test_naive_ist_4pm_to_430pm" time="2.808" /><testcase classname="backend.tests.test_whatsapp_meeting_time.TestUTCOffsetInput" name="test_utc_offset_input_converts_to_ist" time="2.756" /><testcase classname="backend.tests.test_whatsapp_meeting_time.TestTimezoneOverrideUTC" name="test_utc_tz_override_keeps_wall_clock" time="2.894" /><testcase classname="backend.tests.test_whatsapp_meeting_time.TestMissingEndsAt" name="test_missing_ends_at_no_crash" time="2.225" /><testcase classname="backend.tests.test_whatsapp_meeting_time.TestGarbageTimestamp" name="test_garbage_starts_at_no_crash" time="2.767" /><testcase classname="backend.tests.test_whatsapp_meeting_time.TestLeadingZeroFormatting" name="test_leading_zero_midnight_noon" time="0.000" /><testcase classname="backend.tests.test_whatsapp_meeting_time.TestRestoreFinal" name="test_restore_ist" time="0.253" /><testcase classname="backend.tests.test_whatsapp_timezone.TestConfigTimezoneField" name="test_get_config_returns_timezone_default" time="0.419" /><testcase classname="backend.tests.test_whatsapp_timezone.TestConfigTimezoneField" name="test_put_utc_then_get" time="0.307" /><testcase classname="backend.tests.test_whatsapp_timezone.TestConfigTimezoneField" name="test_put_london_then_get" time="0.203" /><testcase classname="backend.tests.test_whatsapp_timezone.TestConfigTimezoneField" name="test_put_invalid_tz_is_stored_but_falls_back_at_send_time" time="2.817" /><testcase classname="backend.tests.test_whatsapp_timezone.TestPartialUpdatePreservesTimezone" name="test_partial_put_enabled_only_preserves_tz" time="0.405" /><testcase classname="backend.tests.test_whatsapp_timezone.TestStatusUpdateTimeInTenantTZ" name="test_ist_time_and_abbr" time="2.276" /><testcase classname="backend.tests.test_whatsapp_timezone.TestStatusUpdateTimeInTenantTZ" name="test_utc_time_and_abbr" time="2.251" /><testcase classname="backend.tests.test_whatsapp_timezone.TestStatusUpdateTimeInTenantTZ" name="test_new_york_time_and_abbr" time="2.280" /><testcase classname="backend.tests.test_whatsapp_timezone.TestCheckinCheckoutTimeInTenantTZ" name="test_checkin_and_checkout_use_tenant_tz" time="0.897" /><testcase classname="backend.tests.test_whatsapp_timezone.TestLeaveWFHRegression" name="test_leave_still_2xx_and_dates_not_reformatted" time="2.553" /><testcase classname="backend.tests.test_whatsapp_timezone.TestLeaveWFHRegression" name="test_wfh_still_2xx" time="1.064" /><testcase classname="backend.tests.test_whatsapp_timezone.TestRestoreFinalState" name="test_restore_ist_default" time="0.195" /></testsuite></testsuites>