<?xml version="1.0" encoding="utf-8"?><testsuites name="pytest tests"><testsuite name="pytest" errors="0" failures="0" skipped="5" tests="56" time="45.169" timestamp="2026-07-01T05:52:24.428367+00:00" hostname="agent-env-e37ee5ef-3a9f-4af9-ab79-40f52d6e2dd6"><testcase classname="backend.tests.test_whatsapp_azmarq_v2_payload.TestConfigCampaignHeaderFields" name="test_get_returns_new_fields" time="0.598" /><testcase classname="backend.tests.test_whatsapp_azmarq_v2_payload.TestConfigCampaignHeaderFields" name="test_put_then_get_roundtrip" time="0.201" /><testcase classname="backend.tests.test_whatsapp_azmarq_v2_payload.TestConfigCampaignHeaderFields" name="test_partial_put_campaign_name_only_does_not_wipe_others" time="0.387" /><testcase classname="backend.tests.test_whatsapp_azmarq_v2_payload.TestAzmarqPayloadShape" name="test_test_send_produces_exact_6key_payload" time="1.077" /><testcase classname="backend.tests.test_whatsapp_azmarq_v2_payload.TestAzmarqPayloadShape" name="test_from_field_auto_prepends_plus_when_missing" time="1.561" /><testcase classname="backend.tests.test_whatsapp_azmarq_v2_payload.TestAzmarqPayloadShape" name="test_from_field_keeps_plus_when_already_present" time="1.018" /><testcase classname="backend.tests.test_whatsapp_azmarq_v2_payload.TestAzmarqPayloadShape" name="test_defaults_when_campaign_name_and_header_text_empty" time="2.217" /><testcase classname="backend.tests.test_whatsapp_azmarq_v2_payload.TestOutboxRow" name="test_outbox_contains_full_audit_fields" time="1.085" /><testcase classname="backend.tests.test_whatsapp_azmarq_v2_payload.TestPayloadExtrasMergeStillWorks" name="test_payload_extras_merges_on_top" time="1.171" /><testcase classname="backend.tests.test_whatsapp_azmarq_v2_payload.TestRegressionAllFiveTemplates" name="test_each_template_uses_new_shape[status_update-4]" time="1.248" /><testcase classname="backend.tests.test_whatsapp_azmarq_v2_payload.TestRegressionAllFiveTemplates" name="test_each_template_uses_new_shape[leave_request-6]" time="1.161" /><testcase classname="backend.tests.test_whatsapp_azmarq_v2_payload.TestRegressionAllFiveTemplates" name="test_each_template_uses_new_shape[wfh_request-4]" time="1.484" /><testcase classname="backend.tests.test_whatsapp_azmarq_v2_payload.TestRegressionAllFiveTemplates" name="test_each_template_uses_new_shape[meeting_scheduled-5]" time="1.176" /><testcase classname="backend.tests.test_whatsapp_azmarq_v2_payload.TestRegressionAllFiveTemplates" name="test_each_template_uses_new_shape[checkin_checkout-4]" time="1.156" /><testcase classname="backend.tests.test_whatsapp_azmarq_v2_payload.TestFireAndForgetWithNewPayload" name="test_leave_apply_still_201_when_wa_fails" time="0.813" /><testcase classname="backend.tests.test_whatsapp_azmarq_v2_payload.TestFireAndForgetWithNewPayload" name="test_wfh_apply_still_201_when_wa_fails" time="1.058" /><testcase classname="backend.tests.test_whatsapp_azmarq_v2_payload.TestFinalRestore" name="test_restore_iteration5_state" time="0.194" /><testcase classname="backend.tests.test_whatsapp_partial_update" name="test_partial_put_enabled_only_preserves_other_fields" time="0.760" /><testcase classname="backend.tests.test_whatsapp_partial_update" name="test_partial_put_toggle_disabled_then_enabled_preserves_creds" time="0.389" /><testcase classname="backend.tests.test_whatsapp_partial_update" name="test_final_restore_clean_state" time="0.197" /><testcase classname="backend.tests.test_whatsapp_payload_extras.TestPayloadExtrasRoundTrip" name="test_get_returns_payload_extras_field" time="0.523" /><testcase classname="backend.tests.test_whatsapp_payload_extras.TestPayloadExtrasRoundTrip" name="test_put_dict_then_get_roundtrip" time="0.187" /><testcase classname="backend.tests.test_whatsapp_payload_extras.TestPayloadExtrasRoundTrip" name="test_put_json_string_parses" time="0.191" /><testcase classname="backend.tests.test_whatsapp_payload_extras.TestPayloadExtrasRoundTrip" name="test_put_null_clears" time="0.290" /><testcase classname="backend.tests.test_whatsapp_payload_extras.TestPayloadExtrasRoundTrip" name="test_malformed_json_string_does_not_crash" time="0.306" /><testcase classname="backend.tests.test_whatsapp_payload_extras.TestAzMarqPayloadShape" name="test_default_azmarq_payload_has_required_keys" time="0.000"><skipped type="pytest.skip" message="Old AzMarq payload shape retired in iteration 5 — see test_whatsapp_azmarq_v2_payload.py">/app/backend/tests/test_whatsapp_payload_extras.py:135: Old AzMarq payload shape retired in iteration 5 — see test_whatsapp_azmarq_v2_payload.py</skipped></testcase><testcase classname="backend.tests.test_whatsapp_payload_extras.TestAzMarqPayloadShape" name="test_phone_split_with_default_cc" time="0.000"><skipped type="pytest.skip" message="Old AzMarq payload shape retired in iteration 5 — see test_whatsapp_azmarq_v2_payload.py">/app/backend/tests/test_whatsapp_payload_extras.py:169: Old AzMarq payload shape retired in iteration 5 — see test_whatsapp_azmarq_v2_payload.py</skipped></testcase><testcase classname="backend.tests.test_whatsapp_payload_extras.TestAzMarqPayloadShape" name="test_phone_split_fallback_last_10" time="0.000"><skipped type="pytest.skip" message="Old AzMarq payload shape retired in iteration 5 — see test_whatsapp_azmarq_v2_payload.py">/app/backend/tests/test_whatsapp_payload_extras.py:183: Old AzMarq payload shape retired in iteration 5 — see test_whatsapp_azmarq_v2_payload.py</skipped></testcase><testcase classname="backend.tests.test_whatsapp_payload_extras.TestAzMarqPayloadShape" name="test_extras_shallow_merge" time="0.000"><skipped type="pytest.skip" message="Old AzMarq payload shape retired in iteration 5 — see test_whatsapp_azmarq_v2_payload.py">/app/backend/tests/test_whatsapp_payload_extras.py:210: Old AzMarq payload shape retired in iteration 5 — see test_whatsapp_azmarq_v2_payload.py</skipped></testcase><testcase classname="backend.tests.test_whatsapp_payload_extras.TestAzMarqPayloadShape" name="test_extras_cleared_removes_merge" time="0.000"><skipped type="pytest.skip" message="Old AzMarq payload shape retired in iteration 5 — see test_whatsapp_azmarq_v2_payload.py">/app/backend/tests/test_whatsapp_payload_extras.py:227: Old AzMarq payload shape retired in iteration 5 — see test_whatsapp_azmarq_v2_payload.py</skipped></testcase><testcase classname="backend.tests.test_whatsapp_payload_extras.TestOutboxFields" name="test_outbox_has_five_new_fields" time="1.045" /><testcase classname="backend.tests.test_whatsapp_payload_extras.TestOutboxFields" name="test_request_payload_bson_friendly" time="1.070" /><testcase classname="backend.tests.test_whatsapp_payload_extras.TestFireAndForgetRegression" name="test_wfh_apply_succeeds_with_bogus_azmarq" time="1.458" /><testcase classname="backend.tests.test_whatsapp_payload_extras.TestRestoreFinalState" name="test_restore_clean_state" time="0.222" /><testcase classname="backend.tests.test_whatsapp_provider.TestWhatsAppConfigShape" name="test_get_config_returns_provider_fields" time="0.425" /><testcase classname="backend.tests.test_whatsapp_provider.TestProviderPersistence" name="test_put_azmarq_persists" time="0.222" /><testcase classname="backend.tests.test_whatsapp_provider.TestProviderPersistence" name="test_invalid_provider_silently_dropped" time="0.092" /><testcase classname="backend.tests.test_whatsapp_provider.TestProviderPersistence" name="test_token_persists_across_provider_switch" time="0.200" /><testcase classname="backend.tests.test_whatsapp_provider.TestSendRouting" name="test_azmarq_uses_verbatim_url" time="1.056" /><testcase classname="backend.tests.test_whatsapp_provider.TestSendRouting" name="test_meta_blank_base_uses_default" time="0.390" /><testcase classname="backend.tests.test_whatsapp_provider.TestSendRouting" name="test_meta_custom_url_with_placeholder" time="0.376" /><testcase classname="backend.tests.test_whatsapp_provider.TestFireAndForget" name="test_leave_apply_succeeds_with_bad_whatsapp" time="1.418" /><testcase classname="backend.tests.test_whatsapp_provider.TestFireAndForget" name="test_wfh_apply_succeeds_with_bad_whatsapp" time="1.017" /><testcase classname="backend.tests.test_whatsapp_provider.TestRestoreFinalState" name="test_restore_azmarq_state" time="0.129" /><testcase classname="backend.tests.test_whatsapp_timezone.TestConfigTimezoneField" name="test_get_config_returns_timezone_default" time="0.447" /><testcase classname="backend.tests.test_whatsapp_timezone.TestConfigTimezoneField" name="test_put_utc_then_get" time="0.316" /><testcase classname="backend.tests.test_whatsapp_timezone.TestConfigTimezoneField" name="test_put_london_then_get" time="0.187" /><testcase classname="backend.tests.test_whatsapp_timezone.TestConfigTimezoneField" name="test_put_invalid_tz_is_stored_but_falls_back_at_send_time" time="2.642" /><testcase classname="backend.tests.test_whatsapp_timezone.TestPartialUpdatePreservesTimezone" name="test_partial_put_enabled_only_preserves_tz" time="0.437" /><testcase classname="backend.tests.test_whatsapp_timezone.TestStatusUpdateTimeInTenantTZ" name="test_ist_time_and_abbr" time="2.282" /><testcase classname="backend.tests.test_whatsapp_timezone.TestStatusUpdateTimeInTenantTZ" name="test_utc_time_and_abbr" time="2.233" /><testcase classname="backend.tests.test_whatsapp_timezone.TestStatusUpdateTimeInTenantTZ" name="test_new_york_time_and_abbr" time="2.256" /><testcase classname="backend.tests.test_whatsapp_timezone.TestCheckinCheckoutTimeInTenantTZ" name="test_checkin_and_checkout_use_tenant_tz" time="0.931" /><testcase classname="backend.tests.test_whatsapp_timezone.TestLeaveWFHRegression" name="test_leave_still_2xx_and_dates_not_reformatted" time="2.602" /><testcase classname="backend.tests.test_whatsapp_timezone.TestLeaveWFHRegression" name="test_wfh_still_2xx" time="0.978" /><testcase classname="backend.tests.test_whatsapp_timezone.TestRestoreFinalState" name="test_restore_ist_default" time="0.190" /></testsuite></testsuites>