<?xml version="1.0" encoding="utf-8"?><testsuites name="pytest tests"><testsuite name="pytest" errors="0" failures="0" skipped="0" tests="10" time="7.433" timestamp="2026-06-30T13:38:41.457367+00:00" hostname="agent-env-e37ee5ef-3a9f-4af9-ab79-40f52d6e2dd6"><testcase classname="backend.tests.test_whatsapp_provider.TestWhatsAppConfigShape" name="test_get_config_returns_provider_fields" time="2.124" /><testcase classname="backend.tests.test_whatsapp_provider.TestProviderPersistence" name="test_put_azmarq_persists" time="0.196" /><testcase classname="backend.tests.test_whatsapp_provider.TestProviderPersistence" name="test_invalid_provider_silently_dropped" time="0.115" /><testcase classname="backend.tests.test_whatsapp_provider.TestProviderPersistence" name="test_token_persists_across_provider_switch" time="0.223" /><testcase classname="backend.tests.test_whatsapp_provider.TestSendRouting" name="test_azmarq_uses_verbatim_url" time="1.167" /><testcase classname="backend.tests.test_whatsapp_provider.TestSendRouting" name="test_meta_blank_base_uses_default" time="0.439" /><testcase classname="backend.tests.test_whatsapp_provider.TestSendRouting" name="test_meta_custom_url_with_placeholder" time="0.403" /><testcase classname="backend.tests.test_whatsapp_provider.TestFireAndForget" name="test_leave_apply_succeeds_with_bad_whatsapp" time="1.574" /><testcase classname="backend.tests.test_whatsapp_provider.TestFireAndForget" name="test_wfh_apply_succeeds_with_bad_whatsapp" time="0.982" /><testcase classname="backend.tests.test_whatsapp_provider.TestRestoreFinalState" name="test_restore_azmarq_state" time="0.127" /></testsuite></testsuites>